TN:
SF:script/CheckSelectors.s.sol
DA:13,0
FN:13,CheckSelectors.run
FNDA:0,CheckSelectors.run
DA:15,0
DA:16,0
DA:17,0
DA:26,0
FN:26,CheckSelectors.logSelectors
FNDA:0,CheckSelectors.logSelectors
DA:30,0
DA:31,0
DA:32,0
DA:34,0
DA:38,0
FN:38,CheckSelectors.getOfferFacetSelectors
FNDA:0,CheckSelectors.getOfferFacetSelectors
DA:43,0
DA:44,0
DA:45,0
DA:46,0
DA:47,0
DA:48,0
DA:55,0
FN:55,CheckSelectors.getRepayFacetSelectors
FNDA:0,CheckSelectors.getRepayFacetSelectors
DA:60,0
DA:61,0
DA:62,0
DA:63,0
DA:64,0
DA:67,0
FN:67,CheckSelectors.getDefaultedFacetSelectors
FNDA:0,CheckSelectors.getDefaultedFacetSelectors
DA:72,0
DA:73,0
DA:74,0
FNF:5
FNH:0
LF:26
LH:0
BRF:0
BRH:0
end_of_record
TN:
SF:src/VaipakamDiamond.sol
DA:35,715
FN:35,VaipakamDiamond.constructor
FNDA:715,VaipakamDiamond.constructor
DA:36,715
DA:39,715
DA:40,715
DA:41,715
DA:42,715
DA:52,30933
FN:52,VaipakamDiamond.fallback
FNDA:30933,VaipakamDiamond.fallback
DA:53,30933
DA:54,30933
DA:57,30933
BRDA:57,0,0,-
DA:58,0
DA:61,0
DA:62,0
DA:63,0
DA:65,0
DA:66,0
DA:68,0
DA:69,0
FNF:2
FNH:2
LF:18
LH:10
BRF:1
BRH:0
end_of_record
TN:
SF:src/VaipakamEscrowImplementation.sol
DA:50,2680
FN:50,VaipakamEscrowImplementation.initialize
FNDA:2680,VaipakamEscrowImplementation.initialize
DA:54,2680
DA:55,0
DA:56,2680
DA:57,2680
DA:66,2
FN:66,VaipakamEscrowImplementation.depositERC20
FNDA:2,VaipakamEscrowImplementation.depositERC20
DA:67,2
DA:88,1007
FN:88,VaipakamEscrowImplementation.withdrawERC20
FNDA:1007,VaipakamEscrowImplementation.withdrawERC20
DA:93,1007
BRDA:93,0,0,1007
BRDA:93,0,1,1
DA:97,1007
DA:106,3
FN:106,VaipakamEscrowImplementation.depositERC721
FNDA:3,VaipakamEscrowImplementation.depositERC721
DA:108,3
BRDA:108,1,0,3
BRDA:108,1,1,1
DA:112,3
DA:126,7
FN:126,VaipakamEscrowImplementation.withdrawERC721
FNDA:7,VaipakamEscrowImplementation.withdrawERC721
DA:132,7
BRDA:132,2,0,7
BRDA:132,2,1,1
DA:136,7
DA:150,3
FN:150,VaipakamEscrowImplementation.depositERC1155
FNDA:3,VaipakamEscrowImplementation.depositERC1155
DA:156,3
BRDA:156,3,0,3
BRDA:156,3,1,1
DA:160,3
DA:177,4
FN:177,VaipakamEscrowImplementation.withdrawERC1155
FNDA:4,VaipakamEscrowImplementation.withdrawERC1155
DA:184,4
BRDA:184,4,0,4
BRDA:184,4,1,1
DA:188,4
DA:203,3
FN:203,VaipakamEscrowImplementation.approveERC721
FNDA:3,VaipakamEscrowImplementation.approveERC721
DA:205,3
BRDA:205,5,0,3
BRDA:205,5,1,1
DA:209,3
DA:218,2
FN:218,VaipakamEscrowImplementation.getOfferAmountFromDiamond
FNDA:2,VaipakamEscrowImplementation.getOfferAmountFromDiamond
DA:221,2
DA:227,2
BRDA:227,6,0,-
BRDA:227,6,1,-
DA:228,2
DA:247,341
FN:247,VaipakamEscrowImplementation.setUser
FNDA:341,VaipakamEscrowImplementation.setUser
DA:254,341
BRDA:254,7,0,341
BRDA:254,7,1,1
DA:258,341
DA:259,2
DA:272,3
FN:272,VaipakamEscrowImplementation.userOf
FNDA:3,VaipakamEscrowImplementation.userOf
DA:276,3
DA:278,2
DA:279,2
DA:280,1
DA:281,1
DA:294,2
FN:294,VaipakamEscrowImplementation.userExpires
FNDA:2,VaipakamEscrowImplementation.userExpires
DA:298,2
DA:299,1
DA:300,1
DA:301,1
DA:306,350
FN:306,VaipakamEscrowImplementation.onERC721Received
FNDA:350,VaipakamEscrowImplementation.onERC721Received
DA:312,0
DA:315,13
FN:315,VaipakamEscrowImplementation.onERC1155Received
FNDA:13,VaipakamEscrowImplementation.onERC1155Received
DA:322,13
DA:325,1
FN:325,VaipakamEscrowImplementation.onERC1155BatchReceived
FNDA:1,VaipakamEscrowImplementation.onERC1155BatchReceived
DA:332,1
DA:336,4
FN:336,VaipakamEscrowImplementation.supportsInterface
FNDA:4,VaipakamEscrowImplementation.supportsInterface
DA:339,4
DA:340,4
DA:341,3
DA:342,2
DA:346,2
FN:346,VaipakamEscrowImplementation._authorizeUpgrade
FNDA:2,VaipakamEscrowImplementation._authorizeUpgrade
FNF:17
FNH:17
LF:56
LH:54
BRF:16
BRH:14
end_of_record
TN:
SF:src/facets/AccessControlFacet.sol
DA:22,716
FN:22,AccessControlFacet.initializeAccessControl
FNDA:716,AccessControlFacet.initializeAccessControl
DA:23,716
DA:24,715
DA:33,15
FN:33,AccessControlFacet.grantRole
FNDA:15,AccessControlFacet.grantRole
DA:37,14
DA:46,5
FN:46,AccessControlFacet.revokeRole
FNDA:5,AccessControlFacet.revokeRole
DA:50,4
DA:59,3
FN:59,AccessControlFacet.renounceRole
FNDA:3,AccessControlFacet.renounceRole
DA:60,3
DA:69,22
FN:69,AccessControlFacet.hasRole
FNDA:22,AccessControlFacet.hasRole
DA:73,22
DA:81,2
FN:81,AccessControlFacet.getRoleAdmin
FNDA:2,AccessControlFacet.getRoleAdmin
DA:82,2
DA:87,1
FN:87,AccessControlFacet.DEFAULT_ADMIN_ROLE
FNDA:1,AccessControlFacet.DEFAULT_ADMIN_ROLE
DA:88,1
DA:91,1
FN:91,AccessControlFacet.ADMIN_ROLE
FNDA:1,AccessControlFacet.ADMIN_ROLE
DA:92,1
DA:95,1
FN:95,AccessControlFacet.PAUSER_ROLE
FNDA:1,AccessControlFacet.PAUSER_ROLE
DA:96,1
DA:99,1
FN:99,AccessControlFacet.KYC_ADMIN_ROLE
FNDA:1,AccessControlFacet.KYC_ADMIN_ROLE
DA:100,1
DA:103,1
FN:103,AccessControlFacet.ORACLE_ADMIN_ROLE
FNDA:1,AccessControlFacet.ORACLE_ADMIN_ROLE
DA:104,1
DA:107,1
FN:107,AccessControlFacet.RISK_ADMIN_ROLE
FNDA:1,AccessControlFacet.RISK_ADMIN_ROLE
DA:108,1
DA:111,0
FN:111,AccessControlFacet.ESCROW_ADMIN_ROLE
FNDA:0,AccessControlFacet.ESCROW_ADMIN_ROLE
DA:112,0
FNF:13
FNH:12
LF:27
LH:25
BRF:0
BRH:0
end_of_record
TN:
SF:src/facets/AddCollateralFacet.sol
DA:63,8
FN:63,AddCollateralFacet.addCollateral
FNDA:8,AddCollateralFacet.addCollateral
DA:67,8
DA:68,8
DA:70,8
BRDA:70,0,0,1
DA:71,7
BRDA:71,1,0,1
DA:72,6
BRDA:72,2,0,1
DA:76,5
DA:78,5
DA:79,1
BRDA:79,3,0,1
DA:82,4
DA:83,4
DA:84,4
DA:90,4
BRDA:90,4,0,1
DA:91,3
DA:94,3
DA:101,3
DA:104,3
DA:105,3
DA:106,3
DA:109,3
BRDA:109,5,0,2
DA:110,2
DA:113,3
DA:116,3
BRDA:116,6,0,2
DA:117,2
DA:120,3
FNF:1
FNH:1
LF:25
LH:25
BRF:7
BRH:7
end_of_record
TN:
SF:src/facets/AdminFacet.sol
DA:33,653
FN:33,AdminFacet.setTreasury
FNDA:653,AdminFacet.setTreasury
DA:34,651
BRDA:34,0,0,1
DA:36,650
DA:37,650
DA:39,650
DA:44,333
FN:44,AdminFacet.setZeroExProxy
FNDA:333,AdminFacet.setZeroExProxy
DA:45,332
BRDA:45,1,0,1
DA:46,331
DA:47,331
DA:48,331
DA:53,333
FN:53,AdminFacet.setallowanceTarget
FNDA:333,AdminFacet.setallowanceTarget
DA:54,332
BRDA:54,2,0,1
DA:55,331
DA:56,331
DA:57,331
DA:62,260
FN:62,AdminFacet.getTreasury
FNDA:260,AdminFacet.getTreasury
DA:63,260
DA:64,260
DA:90,7
FN:90,AdminFacet.setFallbackOracleConfig
FNDA:7,AdminFacet.setFallbackOracleConfig
DA:96,6
DA:97,6
DA:98,6
DA:99,6
DA:100,6
DA:101,6
DA:115,3
FN:115,AdminFacet.getFallbackOracleConfig
FNDA:3,AdminFacet.getFallbackOracleConfig
DA:125,3
DA:126,3
DA:138,8
FN:138,AdminFacet.pause
FNDA:8,AdminFacet.pause
DA:139,7
DA:144,2
FN:144,AdminFacet.unpause
FNDA:2,AdminFacet.unpause
DA:145,1
DA:149,4
FN:149,AdminFacet.paused
FNDA:4,AdminFacet.paused
DA:150,4
FNF:9
FNH:9
LF:34
LH:34
BRF:3
BRH:3
end_of_record
TN:
SF:src/facets/ClaimFacet.sol
DA:84,31
FN:84,ClaimFacet.claimAsLender
FNDA:31,ClaimFacet.claimAsLender
DA:87,31
DA:88,31
DA:92,31
DA:93,6
DA:94,2
BRDA:94,0,0,2
DA:96,29
DA:97,1
BRDA:97,1,0,1
DA:100,28
DA:101,28
DA:102,28
DA:103,28
BRDA:103,2,0,1
DA:106,27
DA:107,27
BRDA:107,3,0,1
DA:110,26
DA:113,26
DA:114,26
BRDA:114,4,0,22
BRDA:114,4,1,1
DA:115,22
BRDA:115,5,0,3
DA:116,3
DA:125,20
BRDA:125,6,0,1
DA:127,4
BRDA:127,7,0,4
BRDA:127,7,1,1
DA:128,4
DA:137,2
BRDA:137,8,0,1
DA:138,2
BRDA:138,9,0,1
DA:139,2
DA:149,2
BRDA:149,10,0,1
DA:154,21
DA:155,23
BRDA:155,11,0,3
DA:156,3
DA:159,3
DA:168,3
BRDA:168,12,0,1
DA:172,22
BRDA:172,13,0,4
BRDA:172,13,1,1
DA:173,4
DA:182,4
BRDA:182,14,0,1
DA:183,18
BRDA:183,15,0,2
DA:184,2
DA:194,2
BRDA:194,16,0,1
DA:198,20
DA:206,20
BRDA:206,17,0,-
DA:209,20
DA:212,20
BRDA:212,18,0,1
DA:214,19
DA:217,19
DA:218,19
DA:219,5
DA:220,19
BRDA:220,19,0,5
DA:221,5
DA:222,5
DA:236,22
FN:236,ClaimFacet.claimAsBorrower
FNDA:22,ClaimFacet.claimAsBorrower
DA:239,22
DA:240,22
DA:244,22
DA:245,2
DA:246,1
BRDA:246,20,0,1
DA:248,21
DA:249,2
BRDA:249,21,0,2
DA:251,19
DA:252,19
BRDA:252,22,0,1
DA:255,18
DA:256,18
BRDA:256,23,0,1
DA:259,17
DA:262,17
DA:263,17
BRDA:263,24,0,13
BRDA:263,24,1,2
DA:264,13
DA:273,4
BRDA:273,25,0,2
BRDA:273,25,1,2
DA:274,2
DA:283,2
BRDA:283,26,0,2
DA:284,2
DA:295,13
BRDA:295,27,0,3
DA:298,14
DA:306,14
BRDA:306,28,0,-
DA:309,14
DA:312,14
BRDA:312,29,0,1
DA:314,13
DA:318,13
DA:319,13
DA:320,13
DA:321,13
DA:322,13
DA:323,13
DA:324,13
BRDA:324,30,0,6
DA:325,6
DA:326,6
DA:341,54
FN:341,ClaimFacet.getClaimableAmount
FNDA:54,ClaimFacet.getClaimableAmount
DA:353,54
DA:354,54
DA:357,54
FNF:3
FNH:3
LF:87
LH:87
BRF:36
BRH:34
end_of_record
TN:
SF:src/facets/DefaultedFacet.sol
DA:77,53
FN:77,DefaultedFacet.triggerDefault
FNDA:53,DefaultedFacet.triggerDefault
DA:80,53
DA:81,53
DA:82,53
DA:83,1
BRDA:83,0,0,1
DA:88,52
BRDA:88,1,0,38
BRDA:88,1,1,-
DA:90,38
DA:92,38
BRDA:92,2,0,33
DA:93,33
DA:95,33
DA:96,33
DA:97,33
BRDA:97,3,0,1
DA:98,1
DA:104,14
DA:106,14
BRDA:106,4,0,1
DA:107,13
DA:109,13
DA:110,13
DA:111,13
BRDA:111,5,0,1
DA:112,1
DA:119,50
DA:120,50
DA:121,50
BRDA:121,6,0,1
DA:123,49
DA:125,49
DA:132,49
DA:137,49
DA:139,49
BRDA:139,7,0,1
DA:142,36
DA:143,36
BRDA:143,8,0,21
DA:144,21
DA:149,36
DA:150,21
DA:151,16
BRDA:151,9,0,16
BRDA:148,9,1,15
DA:158,16
DA:167,16
BRDA:167,10,0,1
DA:170,15
DA:171,15
DA:180,15
DA:185,15
DA:189,15
DA:197,15
DA:198,15
DA:201,15
BRDA:201,11,0,4
DA:202,4
DA:203,4
DA:204,4
DA:205,2
DA:208,11
DA:209,11
DA:212,11
DA:217,11
DA:218,11
DA:220,11
DA:221,11
DA:222,11
DA:223,11
DA:226,11
DA:227,11
DA:231,11
DA:232,11
DA:233,11
BRDA:233,12,0,10
BRDA:233,12,1,-
DA:234,10
DA:236,10
BRDA:236,13,0,-
DA:237,10
DA:238,10
DA:241,1
DA:242,1
DA:246,11
BRDA:246,14,0,10
DA:247,10
DA:251,11
DA:252,11
DA:258,11
BRDA:258,15,0,1
DA:259,10
DA:260,10
BRDA:260,16,0,10
DA:261,10
DA:264,10
DA:274,10
BRDA:274,17,0,9
DA:275,9
DA:276,9
DA:282,9
BRDA:282,18,0,1
DA:283,8
DA:284,8
DA:286,9
DA:299,1
BRDA:299,19,0,1
BRDA:294,19,1,15
DA:302,18
DA:303,9
DA:309,18
BRDA:309,20,0,1
DA:310,17
DA:312,17
BRDA:312,21,0,11
BRDA:312,21,1,-
DA:313,11
DA:322,15
BRDA:322,22,0,1
DA:323,14
DA:324,2
BRDA:324,23,0,1
BRDA:324,23,1,-
DA:325,1
DA:334,1
BRDA:334,24,0,-
DA:335,1
BRDA:335,25,0,1
DA:336,1
DA:346,1
BRDA:346,26,0,-
DA:350,14
DA:364,2
DA:369,38
BRDA:369,27,0,13
DA:371,13
DA:381,13
BRDA:381,28,0,2
DA:387,11
DA:396,11
DA:397,1
BRDA:397,29,0,1
DA:400,10
DA:401,10
DA:404,10
DA:413,10
BRDA:413,30,0,1
DA:416,9
DA:419,9
DA:420,9
DA:426,9
BRDA:426,31,0,1
DA:427,8
DA:428,8
DA:431,8
DA:442,33
BRDA:442,32,0,33
DA:443,33
DA:447,33
DA:455,33
BRDA:455,33,0,1
DA:456,32
DA:464,32
BRDA:464,34,0,1
DA:466,31
DA:475,5
FN:475,DefaultedFacet.isLoanDefaultable
FNDA:5,DefaultedFacet.isLoanDefaultable
DA:478,5
DA:479,5
DA:480,5
DA:482,4
DA:483,4
DA:484,4
DA:488,49
FN:488,DefaultedFacet._getTreasury
FNDA:49,DefaultedFacet._getTreasury
DA:489,49
DA:497,15
FN:497,DefaultedFacet._expectedSwapOutput
FNDA:15,DefaultedFacet._expectedSwapOutput
DA:502,15
DA:504,15
DA:506,15
DA:508,15
DA:509,15
DA:511,15
DA:512,15
DA:522,4
FN:522,DefaultedFacet._fullCollateralTransferFallback
FNDA:4,DefaultedFacet._fullCollateralTransferFallback
DA:526,4
DA:528,4
DA:529,4
DA:530,4
DA:536,4
BRDA:536,37,0,1
DA:537,3
DA:539,3
DA:545,3
DA:553,3
DA:562,3
DA:564,3
DA:572,3
BRDA:572,38,0,1
DA:574,2
DA:582,2
BRDA:582,39,0,-
DA:584,2
FNF:5
FNH:5
LF:158
LH:158
BRF:44
BRH:36
end_of_record
TN:
SF:src/facets/DiamondCutFacet.sol
DA:22,715
FN:22,DiamondCutFacet.diamondCut
FNDA:715,DiamondCutFacet.diamondCut
DA:27,715
DA:28,715
FNF:1
FNH:1
LF:3
LH:3
BRF:0
BRH:0
end_of_record
TN:
SF:src/facets/DiamondLoupeFacet.sol
DA:31,4
FN:31,DiamondLoupeFacet.facets
FNDA:4,DiamondLoupeFacet.facets
DA:32,4
DA:33,4
DA:34,4
DA:35,4
DA:36,16
DA:37,16
DA:38,16
DA:47,3
FN:47,DiamondLoupeFacet.facetFunctionSelectors
FNDA:3,DiamondLoupeFacet.facetFunctionSelectors
DA:50,3
DA:51,3
DA:58,1
FN:58,DiamondLoupeFacet.facetAddresses
FNDA:1,DiamondLoupeFacet.facetAddresses
DA:64,1
DA:65,1
DA:72,3
FN:72,DiamondLoupeFacet.facetAddress
FNDA:3,DiamondLoupeFacet.facetAddress
DA:75,3
DA:76,3
DA:82,2
FN:82,DiamondLoupeFacet.supportsInterface
FNDA:2,DiamondLoupeFacet.supportsInterface
DA:85,2
DA:86,2
FNF:5
FNH:5
LF:20
LH:20
BRF:0
BRH:0
end_of_record
TN:
SF:src/facets/EarlyWithdrawalFacet.sol
DA:67,34
FN:67,EarlyWithdrawalFacet.sellLoanViaBuyOffer
FNDA:34,EarlyWithdrawalFacet.sellLoanViaBuyOffer
DA:71,34
DA:72,34
DA:73,34
BRDA:73,0,0,2
DA:74,32
DA:75,1
BRDA:75,1,0,1
DA:77,31
DA:78,1
BRDA:78,2,0,1
DA:80,29
DA:82,29
DA:84,1
BRDA:84,3,0,1
DA:86,28
DA:87,1
BRDA:87,4,0,1
DA:88,27
DA:89,1
BRDA:89,5,0,1
DA:90,26
DA:91,1
BRDA:91,6,0,1
DA:92,25
BRDA:92,7,0,1
DA:96,24
DA:97,24
DA:100,24
BRDA:100,8,0,1
DA:101,23
DA:102,1
BRDA:102,9,0,1
DA:106,22
DA:119,18
DA:126,18
DA:127,18
DA:129,18
DA:130,18
DA:134,18
DA:138,18
DA:150,18
DA:151,18
BRDA:151,10,0,3
BRDA:151,10,1,2
DA:152,3
DA:153,3
BRDA:153,11,0,1
BRDA:153,11,1,1
DA:155,1
DA:157,1
BRDA:157,12,0,1
DA:158,1
DA:164,1
DA:165,1
DA:173,2
DA:174,2
DA:175,2
DA:181,2
DA:187,0
DA:191,15
BRDA:191,13,0,2
DA:192,2
DA:198,15
DA:202,18
BRDA:202,14,0,1
DA:205,17
DA:206,17
DA:215,17
BRDA:215,15,0,2
DA:221,15
DA:222,15
BRDA:222,16,0,2
DA:223,2
DA:232,2
BRDA:232,17,0,1
DA:237,14
BRDA:237,18,0,1
DA:238,1
DA:241,1
DA:250,1
DA:251,0
BRDA:251,19,0,-
DA:252,1
DA:253,1
DA:259,1
DA:260,1
DA:264,14
DA:267,14
DA:273,14
BRDA:273,20,0,2
DA:276,12
DA:278,12
DA:280,12
DA:291,12
BRDA:291,21,0,1
DA:292,11
DA:295,11
DA:298,11
DA:304,11
BRDA:304,22,0,-
DA:306,11
DA:318,36
FN:318,EarlyWithdrawalFacet.createLoanSaleOffer
FNDA:36,EarlyWithdrawalFacet.createLoanSaleOffer
DA:323,36
DA:324,36
DA:325,36
BRDA:325,23,0,2
DA:326,34
DA:327,1
BRDA:327,24,0,1
DA:329,33
DA:330,2
BRDA:330,25,0,2
DA:333,31
DA:334,31
DA:335,31
BRDA:335,26,0,1
DA:336,30
DA:343,30
DA:344,30
DA:345,30
DA:368,30
BRDA:368,27,0,2
DA:371,28
DA:372,28
DA:373,28
DA:390,32
FN:390,EarlyWithdrawalFacet.completeLoanSale
FNDA:32,EarlyWithdrawalFacet.completeLoanSale
DA:393,32
DA:394,32
DA:395,32
DA:396,1
BRDA:396,28,0,1
DA:402,31
DA:403,3
DA:404,2
DA:405,2
BRDA:405,29,0,2
DA:406,2
BRDA:406,30,0,1
DA:409,30
DA:410,30
BRDA:410,31,0,2
DA:412,28
DA:413,28
BRDA:413,32,0,2
DA:415,26
DA:418,26
DA:419,26
DA:420,1
BRDA:420,33,0,1
DA:422,25
DA:423,25
DA:424,1
BRDA:424,34,0,1
DA:427,24
DA:433,24
DA:434,24
DA:436,24
DA:440,24
DA:444,24
DA:449,24
BRDA:449,35,0,5
BRDA:449,35,1,2
DA:450,5
DA:452,5
BRDA:452,36,0,2
BRDA:452,36,1,2
DA:453,2
DA:454,2
BRDA:454,37,0,2
DA:455,2
DA:461,2
DA:462,2
DA:469,3
DA:470,3
DA:471,3
DA:476,3
DA:484,19
BRDA:484,38,0,2
DA:485,2
DA:491,19
DA:501,24
BRDA:501,39,0,2
DA:502,3
DA:505,3
DA:506,2
DA:515,3
DA:516,1
BRDA:516,40,0,1
DA:519,2
DA:520,2
DA:526,2
DA:527,2
DA:532,22
DA:535,22
DA:536,22
DA:542,22
BRDA:542,41,0,2
DA:545,20
DA:547,20
DA:549,20
DA:560,20
BRDA:560,42,0,1
DA:561,19
DA:564,19
DA:567,19
DA:573,19
DA:574,0
BRDA:574,43,0,-
DA:575,19
DA:581,19
DA:582,1
BRDA:582,44,0,1
DA:587,18
BRDA:587,45,0,16
BRDA:587,45,1,1
DA:588,16
BRDA:588,46,0,2
DA:589,2
DA:598,2
DA:599,1
BRDA:599,47,0,1
DA:604,2
DA:605,1
BRDA:605,48,0,1
BRDA:603,48,1,1
DA:606,1
DA:615,1
DA:616,1
BRDA:616,49,0,1
DA:618,1
DA:619,1
BRDA:619,50,0,1
DA:620,1
DA:630,1
DA:631,1
BRDA:631,51,0,1
DA:636,15
DA:638,15
DA:646,15
DA:655,15
DA:661,22
FN:661,EarlyWithdrawalFacet._enforceCountryAndKYC
FNDA:22,EarlyWithdrawalFacet._enforceCountryAndKYC
DA:669,22
DA:672,22
DA:675,22
DA:676,22
DA:677,2
BRDA:677,52,0,2
DA:678,2
BRDA:678,53,0,2
DA:679,2
DA:683,20
DA:690,20
DA:694,18
DA:698,2
BRDA:698,54,0,2
DA:699,2
DA:704,20
FN:704,EarlyWithdrawalFacet._calculateValueUSD
FNDA:20,EarlyWithdrawalFacet._calculateValueUSD
DA:710,20
DA:712,20
BRDA:712,55,0,20
DA:713,20
DA:715,20
DA:716,20
DA:721,20
DA:723,20
BRDA:723,56,0,20
DA:724,20
DA:726,20
DA:727,20
DA:739,37
FN:739,EarlyWithdrawalFacet._transferToTreasury
FNDA:37,EarlyWithdrawalFacet._transferToTreasury
DA:740,37
DA:741,7
DA:742,7
DA:743,7
DA:747,7
FN:747,EarlyWithdrawalFacet._getTreasury
FNDA:7,EarlyWithdrawalFacet._getTreasury
DA:748,7
DA:752,8
FN:752,EarlyWithdrawalFacet._depositForNewLender
FNDA:8,EarlyWithdrawalFacet._depositForNewLender
DA:758,8
DA:759,8
DA:765,8
DA:766,0
BRDA:766,59,0,-
DA:767,8
DA:768,8
DA:769,8
FNF:8
FNH:8
LF:222
LH:218
BRF:64
BRH:60
end_of_record
TN:
SF:src/facets/EscrowFactoryFacet.sol
DA:37,3
FN:37,EscrowFactoryFacet.onlyDiamondInternal
FNDA:3,EscrowFactoryFacet.onlyDiamondInternal
DA:38,3
BRDA:38,0,0,-
DA:69,534
FN:69,EscrowFactoryFacet.initializeEscrowImplementation
FNDA:534,EscrowFactoryFacet.initializeEscrowImplementation
DA:70,533
DA:71,533
BRDA:71,1,0,1
DA:73,532
DA:74,532
DA:75,532
DA:76,532
DA:87,6643
FN:87,EscrowFactoryFacet.getOrCreateUserEscrow
FNDA:6643,EscrowFactoryFacet.getOrCreateUserEscrow
DA:90,6643
DA:91,6643
DA:92,6643
BRDA:92,2,0,2148
BRDA:92,2,1,2
DA:93,2148
DA:97,2148
DA:101,2148
DA:102,2148
DA:103,2148
DA:104,2148
DA:108,4495
DA:109,4
DA:110,2
BRDA:110,3,0,2
DA:111,2
DA:124,4
FN:124,EscrowFactoryFacet.setMandatoryEscrowUpgrade
FNDA:4,EscrowFactoryFacet.setMandatoryEscrowUpgrade
DA:125,3
DA:126,3
DA:136,3
FN:136,EscrowFactoryFacet.upgradeUserEscrow
FNDA:3,EscrowFactoryFacet.upgradeUserEscrow
DA:137,3
DA:138,3
DA:139,3
BRDA:139,4,0,1
DA:142,2
DA:149,2
BRDA:149,5,0,1
DA:150,1
DA:160,6
FN:160,EscrowFactoryFacet.upgradeEscrowImplementation
FNDA:6,EscrowFactoryFacet.upgradeEscrowImplementation
DA:161,5
BRDA:161,6,0,1
DA:163,4
DA:164,4
DA:165,4
DA:167,4
DA:170,4
DA:182,2
FN:182,EscrowFactoryFacet.escrowDepositERC20
FNDA:2,EscrowFactoryFacet.escrowDepositERC20
DA:187,2
DA:188,2
DA:195,2
BRDA:195,7,0,1
DA:208,1006
FN:208,EscrowFactoryFacet.escrowWithdrawERC20
FNDA:1006,EscrowFactoryFacet.escrowWithdrawERC20
DA:214,1006
DA:215,1006
DA:223,1006
BRDA:223,8,0,1
DA:234,2
FN:234,EscrowFactoryFacet.escrowDepositERC721
FNDA:2,EscrowFactoryFacet.escrowDepositERC721
DA:239,2
DA:240,2
DA:247,2
BRDA:247,9,0,1
DA:259,6
FN:259,EscrowFactoryFacet.escrowWithdrawERC721
FNDA:6,EscrowFactoryFacet.escrowWithdrawERC721
DA:265,6
DA:266,6
DA:274,6
BRDA:274,10,0,1
DA:286,2
FN:286,EscrowFactoryFacet.escrowDepositERC1155
FNDA:2,EscrowFactoryFacet.escrowDepositERC1155
DA:292,2
DA:293,2
DA:301,2
BRDA:301,11,0,1
DA:314,3
FN:314,EscrowFactoryFacet.escrowWithdrawERC1155
FNDA:3,EscrowFactoryFacet.escrowWithdrawERC1155
DA:321,3
DA:322,3
DA:331,3
BRDA:331,12,0,1
DA:342,2
FN:342,EscrowFactoryFacet.escrowApproveNFT721
FNDA:2,EscrowFactoryFacet.escrowApproveNFT721
DA:347,2
DA:348,2
DA:355,2
BRDA:355,13,0,1
DA:372,340
FN:372,EscrowFactoryFacet.escrowSetNFTUser
FNDA:340,EscrowFactoryFacet.escrowSetNFTUser
DA:379,340
DA:380,340
DA:381,340
BRDA:381,14,0,-
DA:383,340
DA:392,340
BRDA:392,15,0,2
DA:394,2
BRDA:394,16,0,1
BRDA:394,16,1,1
DA:396,0
DA:397,0
DA:400,1
DA:411,2
FN:411,EscrowFactoryFacet.getOfferAmount
FNDA:2,EscrowFactoryFacet.getOfferAmount
DA:414,2
DA:415,2
DA:423,1
FN:423,EscrowFactoryFacet.getDiamondAddress
FNDA:1,EscrowFactoryFacet.getDiamondAddress
DA:428,1
DA:429,1
DA:437,4
FN:437,EscrowFactoryFacet.getVaipakamEscrowImplementationAddress
FNDA:4,EscrowFactoryFacet.getVaipakamEscrowImplementationAddress
DA:442,4
DA:443,4
DA:456,4
FN:456,EscrowFactoryFacet.escrowGetNFTUserOf
FNDA:4,EscrowFactoryFacet.escrowGetNFTUserOf
DA:461,4
DA:462,4
DA:463,4
DA:465,3
DA:472,3
DA:473,2
DA:486,3
FN:486,EscrowFactoryFacet.escrowGetNFTUserExpires
FNDA:3,EscrowFactoryFacet.escrowGetNFTUserExpires
DA:491,3
DA:492,3
DA:493,3
DA:495,2
DA:502,2
DA:503,1
FNF:19
FNH:19
LF:101
LH:99
BRF:19
BRH:17
end_of_record
TN:
SF:src/facets/LoanFacet.sol
DA:52,994
FN:52,LoanFacet.initiateLoan
FNDA:994,LoanFacet.initiateLoan
DA:57,994
DA:58,1
BRDA:58,0,0,1
DA:60,993
DA:61,993
DA:62,993
BRDA:62,1,0,1
DA:69,991
DA:75,2
BRDA:75,2,0,2
DA:76,2
DA:77,2
BRDA:77,3,0,1
DA:78,1
DA:82,990
DA:85,990
DA:89,990
BRDA:89,4,0,989
DA:92,989
DA:94,351
DA:95,1
BRDA:95,5,0,1
DA:96,1
DA:105,989
DA:108,989
DA:110,989
DA:111,989
DA:112,989
DA:113,989
DA:114,989
DA:115,989
DA:116,989
DA:117,989
DA:118,989
DA:119,989
DA:120,989
DA:121,989
DA:122,989
DA:123,989
DA:125,989
DA:126,989
DA:127,989
DA:128,989
DA:129,989
DA:132,989
DA:133,989
DA:134,989
DA:137,989
DA:141,989
BRDA:141,6,0,960
BRDA:141,6,1,29
DA:142,960
DA:143,960
DA:145,29
DA:146,29
DA:148,989
BRDA:148,7,0,334
DA:149,334
DA:150,334
DA:152,334
DA:153,334
DA:154,334
DA:158,989
DA:162,638
BRDA:162,8,0,638
DA:164,638
DA:171,638
BRDA:171,9,0,1
DA:172,637
DA:173,637
DA:176,637
BRDA:176,10,0,1
DA:179,636
DA:185,636
BRDA:185,11,0,1
DA:186,635
DA:187,635
BRDA:187,12,0,1
DA:191,985
DA:199,985
BRDA:199,13,0,1
DA:201,984
DA:205,984
DA:208,984
DA:219,984
BRDA:219,14,0,1
DA:221,983
BRDA:221,15,0,954
BRDA:221,15,1,29
DA:222,954
DA:223,954
DA:225,29
DA:226,29
DA:229,983
DA:238,153
FN:238,LoanFacet.getLoanDetails
FNDA:153,LoanFacet.getLoanDetails
DA:241,153
DA:242,153
DA:251,2
FN:251,LoanFacet.getLoanConsents
FNDA:2,LoanFacet.getLoanConsents
DA:254,2
DA:255,2
FNF:3
FNH:3
LF:83
LH:83
BRF:18
BRH:18
end_of_record
TN:
SF:src/facets/OfferFacet.sol
DA:96,1699
FN:96,OfferFacet.createOffer
FNDA:1699,OfferFacet.createOffer
DA:99,1699
BRDA:99,0,0,1
DA:100,1698
BRDA:100,1,0,256
DA:102,1442
DA:104,1442
DA:107,1442
DA:108,1442
DA:109,1442
DA:110,1442
DA:111,1442
DA:112,1442
DA:113,1442
DA:114,1442
DA:115,1442
DA:116,1442
DA:117,1442
DA:118,1442
DA:119,1442
DA:120,1442
DA:121,1442
DA:122,1442
DA:123,1442
DA:124,1442
DA:125,1442
DA:128,1442
DA:130,1442
DA:132,1442
DA:133,1442
DA:136,1442
DA:138,390
DA:139,1
BRDA:139,2,0,1
DA:142,1441
DA:145,1440
DA:146,1440
BRDA:146,3,0,1353
BRDA:146,3,1,-
DA:147,1353
BRDA:147,4,0,1008
BRDA:147,4,1,-
DA:148,1008
DA:153,345
BRDA:153,5,0,340
BRDA:153,5,1,-
DA:154,340
DA:159,5
BRDA:159,6,0,5
BRDA:159,6,1,-
DA:160,5
DA:168,0
DA:172,87
BRDA:172,7,0,75
BRDA:172,7,1,-
DA:173,75
BRDA:173,8,0,68
BRDA:173,8,1,-
DA:174,68
DA:179,7
BRDA:179,9,0,4
BRDA:179,9,1,-
DA:180,4
DA:185,3
BRDA:185,10,0,3
BRDA:185,10,1,-
DA:186,3
DA:194,0
DA:197,12
DA:198,5
DA:199,12
BRDA:199,11,0,12
BRDA:196,11,1,-
DA:200,12
DA:201,12
DA:203,12
DA:204,12
DA:210,0
DA:213,1008
DA:217,1008
DA:219,1008
DA:231,1008
BRDA:231,13,0,1
DA:233,1439
DA:251,1531
FN:251,OfferFacet.acceptOffer
FNDA:1531,OfferFacet.acceptOffer
DA:255,1531
DA:256,1531
DA:257,1531
BRDA:257,14,0,2
DA:258,1
BRDA:258,15,0,1
DA:261,1528
DA:263,1528
DA:266,1528
DA:267,1528
DA:268,1153
BRDA:268,16,0,1153
DA:269,1153
BRDA:269,17,0,2
DA:270,2
DA:274,1526
DA:277,1526
DA:281,1526
DA:283,365
DA:284,3
BRDA:284,18,0,3
DA:285,3
DA:289,1523
DA:291,1523
DA:292,1266
DA:293,258
BRDA:293,19,0,258
DA:294,258
DA:297,1265
DA:298,1265
DA:299,1265
DA:300,1265
DA:302,1265
BRDA:302,20,0,1232
BRDA:302,20,1,33
DA:303,1232
DA:304,0
DA:305,1232
DA:306,1232
DA:308,0
DA:309,33
DA:310,33
DA:311,33
DA:313,1265
DA:314,1265
BRDA:314,21,0,925
BRDA:314,21,1,-
DA:316,925
DA:325,925
DA:326,1
BRDA:326,22,0,1
DA:328,340
BRDA:328,23,0,336
BRDA:328,23,1,-
DA:330,336
DA:331,336
DA:333,336
DA:334,336
DA:343,4
BRDA:343,24,0,3
BRDA:343,24,1,-
DA:344,3
DA:349,1
BRDA:349,25,0,1
DA:350,1
DA:361,336
DA:371,336
BRDA:371,26,0,1
DA:375,924
BRDA:375,27,0,1230
DA:376,1230
BRDA:376,28,0,895
DA:378,895
BRDA:378,29,0,891
BRDA:378,29,1,-
DA:379,891
DA:384,4
BRDA:384,30,0,2
BRDA:384,30,1,-
DA:385,2
DA:390,2
BRDA:390,31,0,2
DA:391,2
DA:404,1263
DA:405,1263
DA:413,1263
BRDA:413,32,0,3
DA:414,1260
DA:417,1260
DA:422,0
DA:424,1260
DA:425,1260
BRDA:425,33,0,3
DA:426,3
DA:432,3
BRDA:432,34,0,1
DA:435,1259
DA:436,1259
BRDA:436,35,0,2
DA:437,2
DA:443,2
BRDA:443,36,0,1
DA:447,1258
DA:459,23
FN:459,OfferFacet.cancelOffer
FNDA:23,OfferFacet.cancelOffer
DA:460,23
DA:461,23
DA:462,23
BRDA:462,37,0,1
DA:463,1
BRDA:463,38,0,1
DA:465,21
DA:467,20
DA:468,21
BRDA:468,39,0,8
BRDA:468,39,1,2
DA:469,8
BRDA:469,40,0,3
BRDA:469,40,1,1
DA:470,3
DA:479,3
BRDA:479,41,0,1
DA:480,5
BRDA:480,42,0,2
BRDA:480,42,1,1
DA:485,2
DA:494,2
BRDA:494,43,0,1
DA:495,3
BRDA:495,44,0,3
DA:496,3
DA:506,3
BRDA:506,45,0,1
DA:510,12
BRDA:510,46,0,2
BRDA:510,46,1,2
DA:512,7
BRDA:512,47,0,2
BRDA:512,47,1,1
DA:513,2
DA:522,2
BRDA:522,48,0,1
DA:523,5
BRDA:523,49,0,2
BRDA:523,49,1,1
DA:524,2
DA:533,3
BRDA:533,50,0,1
DA:534,2
BRDA:534,51,0,3
DA:535,3
DA:545,2
BRDA:545,52,0,1
DA:548,5
DA:549,2
DA:550,5
BRDA:550,53,0,5
DA:552,5
DA:553,5
DA:555,5
DA:556,5
DA:565,5
BRDA:565,54,0,2
DA:570,2
DA:576,2
BRDA:576,55,0,1
DA:578,11
DA:580,11
DA:592,3
FN:592,OfferFacet.getCompatibleOffers
FNDA:3,OfferFacet.getCompatibleOffers
DA:595,3
DA:596,3
DA:600,3
DA:601,3
DA:602,2
DA:603,2
BRDA:603,56,0,1
DA:604,1
DA:606,1
BRDA:606,57,0,1
DA:607,1
DA:612,3
DA:613,3
DA:614,3
DA:615,2
DA:616,2
BRDA:616,58,0,1
DA:617,1
DA:619,1
BRDA:619,59,0,1
DA:620,1
DA:636,3992
FN:636,OfferFacet.getUserEscrow
FNDA:3992,OfferFacet.getUserEscrow
DA:637,3992
DA:638,3992
DA:639,3992
DA:645,3992
BRDA:645,60,0,2
DA:646,3990
DA:647,3990
DA:653,1523
FN:653,OfferFacet._calculateTransactionValueUSD
FNDA:1523,OfferFacet._calculateTransactionValueUSD
DA:656,1523
DA:659,1523
DA:661,1523
BRDA:661,61,0,1166
BRDA:661,61,1,340
DA:662,1166
DA:664,1166
DA:665,1166
DA:666,357
BRDA:666,62,0,340
DA:668,340
DA:674,1523
DA:675,1523
DA:676,1523
BRDA:676,63,0,1
DA:677,1
DA:680,1523
DA:682,1523
BRDA:682,64,0,1502
DA:683,1502
DA:685,1502
DA:686,1502
DA:696,12
FN:696,OfferFacet.getOffer
FNDA:12,OfferFacet.getOffer
DA:699,12
FNF:7
FNH:7
LF:221
LH:215
BRF:86
BRH:72
end_of_record
TN:
SF:src/facets/OracleFacet.sol
DA:76,21
FN:76,OracleFacet.checkLiquidity
FNDA:21,OracleFacet.checkLiquidity
DA:79,21
BRDA:79,0,0,2
DA:80,2
DA:85,19
DA:92,19
BRDA:92,1,0,2
DA:93,2
DA:101,17
DA:102,17
DA:103,17
DA:104,17
DA:105,17
DA:107,17
DA:108,4
DA:109,4
DA:110,4
DA:111,14
BRDA:111,2,0,14
DA:115,14
DA:118,3
BRDA:118,3,0,1
DA:119,1
DA:121,2
DA:128,2
BRDA:128,4,0,1
DA:131,1
DA:133,1
DA:147,10
FN:147,OracleFacet.checkLiquidityOnActiveNetwork
FNDA:10,OracleFacet.checkLiquidityOnActiveNetwork
DA:150,10
BRDA:150,5,0,2
DA:151,2
DA:153,8
DA:170,29
FN:170,OracleFacet._checkLiquidityWithConfig
FNDA:29,OracleFacet._checkLiquidityWithConfig
DA:178,29
DA:179,22
DA:180,22
DA:181,22
DA:182,7
BRDA:182,6,0,7
DA:183,7
DA:187,22
DA:188,22
DA:191,15
DA:192,15
DA:193,7
DA:194,7
DA:196,0
BRDA:196,7,0,1
DA:197,1
DA:200,14
DA:201,14
DA:202,14
DA:208,13
DA:210,13
DA:211,12
DA:212,11
DA:213,10
DA:214,4
BRDA:214,8,0,4
DA:215,4
DA:217,9
DA:218,1
DA:219,1
DA:222,9
DA:223,8
DA:224,1
DA:225,1
DA:229,8
DA:230,8
DA:231,8
DA:232,0
DA:248,8
DA:251,8
BRDA:251,9,0,1
DA:252,1
DA:254,7
DA:258,7
BRDA:258,10,0,1
DA:259,1
DA:263,6
DA:266,6
BRDA:266,11,0,1
DA:267,1
DA:269,5
DA:272,5
DA:274,5
BRDA:274,12,0,1
DA:275,1
DA:278,0
DA:293,7
FN:293,OracleFacet.calculateLTV
FNDA:7,OracleFacet.calculateLTV
DA:299,7
BRDA:299,13,0,1
DA:300,1
DA:305,6
DA:306,3
DA:308,1
DA:309,1
DA:312,1
DA:326,17
FN:326,OracleFacet.getAssetPrice
FNDA:17,OracleFacet.getAssetPrice
DA:329,17
DA:330,17
DA:331,17
BRDA:331,14,0,3
DA:332,3
DA:334,16
DA:335,16
DA:337,14
DA:338,14
DA:339,2
DA:340,2
DA:342,0
BRDA:342,15,0,3
DA:343,3
DA:345,11
DA:351,11
DA:353,11
DA:354,8
DA:355,7
DA:356,6
DA:357,6
BRDA:357,16,0,6
DA:358,6
DA:360,5
DA:364,44
FN:364,OracleFacet._getUsdChainlinkDenominator
FNDA:44,OracleFacet._getUsdChainlinkDenominator
DA:365,44
DA:369,44
FN:369,OracleFacet._getChainlnkRegistry
FNDA:44,OracleFacet._getChainlnkRegistry
DA:370,44
DA:374,56
FN:374,OracleFacet._getUsdtContract
FNDA:56,OracleFacet._getUsdtContract
DA:375,56
DA:379,27
FN:379,OracleFacet._getUniswapV3Factory
FNDA:27,OracleFacet._getUniswapV3Factory
DA:380,27
FNF:9
FNH:9
LF:115
LH:111
BRF:17
BRH:17
end_of_record
TN:
SF:src/facets/OwnershipFacet.sol
DA:8,4
FN:8,OwnershipFacet.transferOwnership
FNDA:4,OwnershipFacet.transferOwnership
DA:9,4
DA:10,4
DA:13,2
FN:13,OwnershipFacet.owner
FNDA:2,OwnershipFacet.owner
DA:14,2
FNF:2
FNH:2
LF:5
LH:5
BRF:0
BRH:0
end_of_record
TN:
SF:src/facets/PartialWithdrawalFacet.sol
DA:56,9
FN:56,PartialWithdrawalFacet.partialWithdrawCollateral
FNDA:9,PartialWithdrawalFacet.partialWithdrawCollateral
DA:60,9
DA:61,9
DA:62,9
BRDA:62,0,0,1
DA:63,8
BRDA:63,1,0,1
DA:64,7
DA:65,2
BRDA:65,2,0,2
DA:68,5
DA:75,5
DA:76,5
DA:78,1
BRDA:78,3,0,1
DA:81,4
DA:82,4
DA:83,4
DA:84,1
BRDA:84,4,0,1
DA:86,3
DA:87,3
DA:88,3
BRDA:88,5,0,1
DA:91,2
DA:100,2
BRDA:100,6,0,1
DA:103,1
DA:105,1
DA:122,4
FN:122,PartialWithdrawalFacet.calculateMaxWithdrawable
FNDA:4,PartialWithdrawalFacet.calculateMaxWithdrawable
DA:125,4
DA:126,4
DA:130,4
DA:131,4
DA:135,2
DA:142,2
DA:143,2
DA:148,1
DA:149,1
DA:150,72
DA:151,71
DA:152,71
DA:155,71
DA:156,71
DA:157,71
DA:161,71
BRDA:161,9,0,40
BRDA:161,9,1,31
DA:162,40
DA:164,31
DA:167,0
DA:172,75
FN:172,PartialWithdrawalFacet._simulateHF
FNDA:75,PartialWithdrawalFacet._simulateHF
DA:176,75
DA:178,75
DA:179,75
DA:181,75
DA:182,75
DA:185,75
DA:188,75
DA:189,75
DA:192,75
DA:195,75
DA:198,75
DA:199,75
DA:203,74
FN:203,PartialWithdrawalFacet._simulateLTV
FNDA:74,PartialWithdrawalFacet._simulateLTV
DA:207,74
DA:208,74
DA:210,74
DA:211,74
DA:214,74
DA:217,74
DA:218,74
DA:220,74
DA:222,74
DA:226,149
FN:226,PartialWithdrawalFacet._calculateCurrentBorrowBalance
FNDA:149,PartialWithdrawalFacet._calculateCurrentBorrowBalance
DA:229,149
DA:230,149
DA:233,149
FNF:5
FNH:5
LF:69
LH:68
BRF:9
BRH:9
end_of_record
TN:
SF:src/facets/PrecloseFacet.sol
DA:77,8
FN:77,PrecloseFacet.precloseDirect
FNDA:8,PrecloseFacet.precloseDirect
DA:80,8
DA:81,8
DA:82,8
BRDA:82,0,0,2
DA:83,6
DA:84,0
BRDA:84,1,0,-
DA:86,6
BRDA:86,2,0,3
BRDA:86,2,1,2
DA:89,3
DA:93,3
DA:95,3
DA:98,3
BRDA:98,3,0,3
DA:99,3
DA:100,3
DA:108,3
DA:109,3
DA:114,3
DA:115,3
DA:118,3
DA:128,3
DA:137,3
DA:138,3
DA:140,3
DA:147,3
DA:148,3
DA:150,3
DA:153,3
BRDA:153,4,0,2
DA:154,2
DA:155,2
DA:168,2
DA:169,2
DA:179,2
DA:182,2
DA:192,2
DA:193,2
DA:203,2
DA:205,2
DA:206,2
DA:208,2
DA:230,28
FN:230,PrecloseFacet.transferObligationViaOffer
FNDA:28,PrecloseFacet.transferObligationViaOffer
DA:234,28
DA:235,28
DA:236,28
BRDA:236,5,0,1
DA:237,27
DA:238,1
BRDA:238,6,0,1
DA:240,26
DA:241,26
DA:242,1
BRDA:242,7,0,1
DA:244,25
DA:245,1
BRDA:245,8,0,1
DA:246,24
DA:247,1
BRDA:247,9,0,1
DA:248,23
DA:249,1
BRDA:249,10,0,1
DA:250,22
BRDA:250,11,0,1
DA:253,21
DA:254,21
BRDA:254,12,0,1
DA:255,20
DA:256,1
BRDA:256,13,0,1
DA:257,19
BRDA:257,14,0,1
DA:259,18
DA:260,18
DA:261,1
BRDA:261,15,0,1
DA:264,17
DA:274,15
DA:275,15
DA:279,15
DA:283,15
DA:287,15
DA:292,15
DA:294,15
DA:296,15
DA:297,15
BRDA:297,16,0,3
DA:298,3
DA:299,3
DA:305,15
BRDA:305,17,0,4
DA:306,4
DA:311,4
DA:312,4
DA:313,4
DA:317,14
BRDA:317,18,0,14
BRDA:317,18,1,-
DA:318,14
DA:328,0
BRDA:328,19,0,-
BRDA:328,19,1,-
DA:329,0
DA:339,0
BRDA:339,20,0,-
DA:340,0
DA:356,13
DA:357,13
DA:358,13
DA:359,13
DA:360,13
DA:363,13
BRDA:363,21,0,1
DA:365,1
DA:366,1
DA:368,1
DA:369,1
DA:370,1
DA:372,1
DA:384,1
DA:398,13
DA:402,13
DA:403,13
DA:404,13
BRDA:404,22,0,13
DA:405,13
DA:411,13
BRDA:411,23,0,1
DA:412,12
DA:413,12
DA:414,1
BRDA:414,24,0,1
DA:419,11
DA:428,10
DA:437,9
DA:439,9
DA:441,9
DA:453,8
DA:456,8
DA:466,7
DA:494,19
FN:494,PrecloseFacet.offsetWithNewOffer
FNDA:19,PrecloseFacet.offsetWithNewOffer
DA:503,19
DA:504,19
DA:505,19
BRDA:505,25,0,1
DA:506,18
DA:507,1
BRDA:507,26,0,1
DA:511,17
DA:512,1
BRDA:512,27,0,1
DA:515,15
BRDA:515,28,0,1
DA:516,14
BRDA:516,29,0,1
DA:518,13
DA:519,13
BRDA:519,30,0,1
DA:521,12
DA:522,1
BRDA:522,31,0,1
DA:525,11
DA:526,11
DA:530,11
DA:534,11
DA:538,11
DA:542,11
DA:544,11
DA:546,11
DA:547,11
BRDA:547,32,0,3
DA:548,3
DA:549,3
DA:559,11
DA:560,11
DA:565,11
DA:566,11
DA:567,11
DA:572,11
DA:573,11
DA:574,11
DA:597,11
BRDA:597,33,0,1
DA:598,10
DA:601,10
DA:602,10
DA:604,10
DA:622,12
FN:622,PrecloseFacet.completeOffset
FNDA:12,PrecloseFacet.completeOffset
DA:625,12
DA:626,12
DA:627,12
DA:628,1
BRDA:628,34,0,1
DA:634,11
DA:635,10
DA:636,2
DA:637,2
BRDA:637,35,0,2
DA:638,2
BRDA:638,36,0,1
DA:642,10
DA:643,10
BRDA:643,37,0,2
DA:646,8
DA:647,8
BRDA:647,38,0,2
DA:650,6
DA:665,6
BRDA:665,39,0,2
DA:666,2
DA:670,6
DA:671,6
DA:673,6
DA:679,26
FN:679,PrecloseFacet._paymentAsset
FNDA:26,PrecloseFacet._paymentAsset
DA:682,26
DA:683,26
DA:688,34
FN:688,PrecloseFacet._remainingDays
FNDA:34,PrecloseFacet._remainingDays
DA:691,34
DA:692,34
DA:693,34
DA:698,11
FN:698,PrecloseFacet._getTreasury
FNDA:11,PrecloseFacet._getTreasury
DA:699,11
DA:702,20
FN:702,PrecloseFacet._getOrCreateEscrow
FNDA:20,PrecloseFacet._getOrCreateEscrow
DA:703,20
DA:709,20
BRDA:709,40,0,2
DA:710,18
DA:713,81
FN:713,PrecloseFacet._crossFacetCall
FNDA:81,PrecloseFacet._crossFacetCall
DA:717,81
DA:718,81
BRDA:718,41,0,7
DA:721,4
FN:721,PrecloseFacet._resetNFTRenter
FNDA:4,PrecloseFacet._resetNFTRenter
DA:722,4
DA:736,17
FN:736,PrecloseFacet._enforceCountryAndKYC
FNDA:17,PrecloseFacet._enforceCountryAndKYC
DA:745,17
DA:748,17
DA:751,17
DA:752,17
DA:753,1
BRDA:753,42,0,1
DA:754,1
BRDA:754,43,0,1
DA:755,1
DA:760,16
DA:767,16
DA:771,16
DA:775,1
BRDA:775,44,0,1
DA:776,1
DA:781,16
FN:781,PrecloseFacet._calculateValueUSD
FNDA:16,PrecloseFacet._calculateValueUSD
DA:787,16
DA:789,16
BRDA:789,45,0,16
DA:790,16
DA:792,16
DA:793,16
DA:798,16
DA:800,16
BRDA:800,46,0,16
DA:801,16
DA:803,16
DA:804,16
DA:811,10
FN:811,PrecloseFacet._setLoanClaimable
FNDA:10,PrecloseFacet._setLoanClaimable
DA:815,10
DA:824,10
FNF:13
FNH:13
LF:218
LH:213
BRF:50
BRH:45
end_of_record
TN:
SF:src/facets/ProfileFacet.sol
DA:63,1147
FN:63,ProfileFacet.setUserCountry
FNDA:1147,ProfileFacet.setUserCountry
DA:64,1147
BRDA:64,0,0,1
DA:66,1146
DA:67,1146
DA:68,1
BRDA:68,1,0,1
DA:70,1145
DA:72,1145
DA:79,1
FN:79,ProfileFacet.updateKYCStatus
FNDA:1,ProfileFacet.updateKYCStatus
DA:80,1
DA:99,3142
FN:99,ProfileFacet.getUserCountry
FNDA:3142,ProfileFacet.getUserCountry
DA:102,3142
DA:103,3142
DA:112,7
FN:112,ProfileFacet.isKYCVerified
FNDA:7,ProfileFacet.isKYCVerified
DA:113,7
DA:114,7
DA:125,458
FN:125,ProfileFacet.setTradeAllowance
FNDA:458,ProfileFacet.setTradeAllowance
DA:130,457
DA:131,457
DA:142,2027
FN:142,ProfileFacet.updateKYCTier
FNDA:2027,ProfileFacet.updateKYCTier
DA:147,2026
DA:148,2026
DA:150,2026
DA:151,2026
DA:153,2026
DA:154,2026
DA:162,5
FN:162,ProfileFacet.getKYCTier
FNDA:5,ProfileFacet.getKYCTier
DA:165,5
DA:180,3442
FN:180,ProfileFacet.meetsKYCRequirement
FNDA:3442,ProfileFacet.meetsKYCRequirement
DA:184,3442
DA:186,3442
DA:187,3442
DA:189,3442
BRDA:189,2,0,1652
BRDA:189,2,1,225
DA:191,1652
DA:192,1790
BRDA:192,3,0,1565
BRDA:192,3,1,225
DA:194,1565
DA:197,225
DA:207,5
FN:207,ProfileFacet.updateKYCThresholds
FNDA:5,ProfileFacet.updateKYCThresholds
DA:211,4
BRDA:211,4,0,2
DA:213,2
DA:214,2
DA:215,2
DA:217,2
DA:225,2
FN:225,ProfileFacet.getKYCThresholds
FNDA:2,ProfileFacet.getKYCThresholds
DA:226,2
DA:227,2
DA:244,4
FN:244,ProfileFacet.setKeeperAccess
FNDA:4,ProfileFacet.setKeeperAccess
DA:245,4
DA:246,4
DA:247,4
DA:255,3
FN:255,ProfileFacet.getKeeperAccess
FNDA:3,ProfileFacet.getKeeperAccess
DA:256,3
FNF:12
FNH:12
LF:51
LH:51
BRF:7
BRH:7
end_of_record
TN:
SF:src/facets/RefinanceFacet.sol
DA:65,31
FN:65,RefinanceFacet.refinanceLoan
FNDA:31,RefinanceFacet.refinanceLoan
DA:69,31
DA:70,31
DA:71,31
BRDA:71,0,0,2
DA:72,29
DA:73,1
BRDA:73,1,0,1
DA:75,28
DA:76,1
BRDA:76,2,0,1
DA:79,26
DA:81,26
DA:82,25
DA:83,2
BRDA:83,3,0,2
DA:84,24
BRDA:84,4,0,1
DA:85,23
BRDA:85,5,0,1
DA:87,22
BRDA:87,6,0,1
DA:88,21
BRDA:88,7,0,1
DA:89,20
BRDA:89,8,0,1
DA:90,19
BRDA:90,9,0,1
DA:93,18
DA:94,18
BRDA:94,10,0,1
DA:95,17
DA:96,17
DA:101,17
DA:105,17
DA:108,17
DA:109,17
BRDA:109,11,0,15
DA:110,15
DA:114,17
DA:115,17
DA:117,17
DA:118,17
DA:119,17
DA:122,17
DA:129,17
DA:130,17
DA:131,17
DA:134,17
DA:135,17
DA:136,17
DA:142,17
BRDA:142,12,0,1
DA:143,16
DA:144,16
DA:147,16
DA:159,16
BRDA:159,13,0,12
BRDA:159,13,1,1
DA:160,12
DA:161,12
BRDA:161,14,0,12
DA:162,12
DA:171,12
BRDA:171,15,0,1
DA:173,4
BRDA:173,16,0,2
BRDA:173,16,1,1
DA:174,2
DA:183,2
BRDA:183,17,0,1
DA:184,2
BRDA:184,18,0,2
DA:185,2
DA:195,2
BRDA:195,19,0,1
DA:199,13
DA:205,13
BRDA:205,20,0,1
DA:206,12
DA:207,12
BRDA:207,21,0,1
DA:210,11
DA:213,11
BRDA:213,22,0,1
DA:214,10
DA:215,10
DA:218,10
BRDA:218,23,0,1
DA:221,9
DA:229,9
BRDA:229,24,0,1
DA:231,8
DA:237,8
BRDA:237,25,0,1
DA:240,7
DA:242,7
FNF:1
FNH:1
LF:69
LH:69
BRF:28
BRH:28
end_of_record
TN:
SF:src/facets/RepayFacet.sol
DA:89,59
FN:89,RepayFacet.repayLoan
FNDA:59,RepayFacet.repayLoan
DA:90,59
DA:91,59
DA:92,59
DA:93,1
BRDA:93,0,0,1
DA:95,58
DA:96,58
DA:98,58
DA:99,58
BRDA:99,1,0,1
DA:101,57
DA:102,57
DA:103,57
DA:105,57
DA:106,57
DA:107,57
BRDA:107,2,0,46
BRDA:107,2,1,1
DA:109,1
BRDA:109,3,0,1
BRDA:109,3,1,45
DA:110,1
DA:116,45
DA:117,45
DA:124,46
DA:125,46
DA:127,46
DA:128,46
DA:131,46
DA:138,46
DA:143,46
DA:149,46
BRDA:149,4,0,1
DA:150,45
DA:151,45
DA:154,45
DA:164,45
DA:174,11
BRDA:174,5,0,1
DA:179,10
BRDA:179,6,0,1
DA:181,9
DA:183,1
BRDA:183,7,0,1
BRDA:183,7,1,1
DA:186,1
DA:188,8
DA:190,8
DA:193,7
DA:196,9
DA:197,9
BRDA:197,8,0,1
DA:199,8
DA:201,8
DA:204,8
DA:213,8
DA:214,1
BRDA:214,9,0,1
DA:217,7
DA:226,7
DA:227,1
BRDA:227,10,0,1
DA:228,46
DA:234,6
BRDA:234,11,0,1
DA:235,5
DA:236,5
DA:239,5
DA:249,5
DA:250,5
DA:260,5
DA:270,5
BRDA:270,12,0,1
DA:276,49
DA:284,49
BRDA:284,13,0,1
DA:286,48
DA:294,48
BRDA:294,14,0,1
DA:296,47
DA:298,47
DA:312,273
FN:312,RepayFacet.repayPartial
FNDA:273,RepayFacet.repayPartial
DA:316,273
DA:317,273
DA:318,273
BRDA:318,15,0,1
DA:319,272
DA:320,1
BRDA:320,16,0,1
DA:321,271
BRDA:321,17,0,1
DA:322,270
DA:325,270
BRDA:325,18,0,1
DA:327,269
DA:328,269
DA:330,269
DA:331,269
BRDA:331,19,0,1
DA:332,268
DA:334,268
DA:335,268
DA:336,268
DA:337,268
BRDA:337,20,0,261
BRDA:337,20,1,2
DA:339,261
DA:340,261
DA:346,261
DA:348,261
DA:350,261
DA:351,1
BRDA:351,21,0,1
DA:354,260
DA:359,260
DA:366,260
DA:368,260
DA:370,260
DA:373,7
DA:374,1
BRDA:374,22,0,1
DA:376,6
DA:378,6
BRDA:378,23,0,1
DA:380,5
DA:382,5
DA:385,5
DA:394,5
BRDA:394,24,0,1
DA:396,4
DA:405,4
BRDA:405,25,0,1
DA:408,3
DA:409,3
DA:413,3
DA:416,3
DA:426,3
BRDA:426,26,0,2
DA:428,1
DA:431,261
DA:432,260
BRDA:432,27,0,259
DA:434,259
DA:440,259
BRDA:440,28,0,1
DA:441,258
DA:442,258
BRDA:442,29,0,1
DA:457,10
FN:457,RepayFacet.autoDeductDaily
FNDA:10,RepayFacet.autoDeductDaily
DA:458,10
DA:459,10
DA:460,10
DA:461,1
BRDA:461,30,0,1
DA:462,9
BRDA:462,31,0,1
DA:464,8
DA:465,1
BRDA:465,32,0,1
DA:467,7
DA:468,7
BRDA:468,33,0,1
DA:470,6
DA:472,6
DA:473,6
DA:475,6
DA:476,6
DA:485,6
BRDA:485,34,0,1
DA:487,5
DA:496,5
BRDA:496,35,0,1
DA:499,4
DA:500,4
DA:501,4
DA:505,4
DA:508,4
DA:518,4
BRDA:518,36,0,1
DA:521,3
BRDA:521,37,0,1
DA:526,1
DA:536,1
DA:546,1
DA:559,1
DA:567,1
DA:576,1
DA:579,3
DA:590,10
FN:590,RepayFacet.calculateRepaymentAmount
FNDA:10,RepayFacet.calculateRepaymentAmount
DA:593,10
DA:594,10
DA:595,10
DA:597,10
DA:598,10
DA:602,10
DA:603,10
DA:604,10
DA:605,10
BRDA:605,39,0,6
BRDA:605,39,1,1
DA:606,1
BRDA:606,40,0,1
BRDA:606,40,1,5
DA:607,1
DA:613,5
DA:617,6
DA:620,4
DA:622,1
BRDA:622,41,0,1
BRDA:622,41,1,1
DA:623,1
DA:625,3
DA:628,3
DA:630,4
DA:634,10
DA:635,10
BRDA:635,42,0,5
DA:636,5
DA:639,10
DA:643,331
FN:643,RepayFacet._getTreasury
FNDA:331,RepayFacet._getTreasury
DA:644,331
FNF:5
FNH:5
LF:173
LH:173
BRF:49
BRH:49
end_of_record
TN:
SF:src/facets/RiskFacet.sol
DA:94,430
FN:94,RiskFacet.updateRiskParams
FNDA:430,RiskFacet.updateRiskParams
DA:101,429
BRDA:101,0,0,1
DA:102,428
BRDA:102,1,0,1
DA:103,426
BRDA:103,2,0,1
DA:104,425
BRDA:104,3,0,1
DA:105,424
BRDA:105,4,0,1
DA:107,423
DA:108,423
DA:109,423
DA:110,423
DA:111,423
DA:112,423
DA:114,423
DA:132,262
FN:132,RiskFacet.calculateLTV
FNDA:262,RiskFacet.calculateLTV
DA:133,262
DA:134,262
DA:135,262
BRDA:135,5,0,1
DA:138,261
DA:139,260
DA:140,1
BRDA:140,6,0,1
DA:142,260
DA:143,260
DA:145,260
DA:146,260
DA:149,260
DA:152,260
DA:153,260
DA:155,260
BRDA:155,7,0,3
DA:157,257
DA:170,262
FN:170,RiskFacet.calculateHealthFactor
FNDA:262,RiskFacet.calculateHealthFactor
DA:173,262
DA:174,262
DA:175,262
BRDA:175,8,0,1
DA:178,261
DA:179,260
DA:180,1
BRDA:180,9,0,1
DA:182,260
DA:183,260
DA:185,260
DA:186,260
DA:189,260
DA:192,260
DA:193,260
DA:196,260
DA:199,260
DA:202,260
DA:204,259
DA:215,20
FN:215,RiskFacet.isCollateralValueCollapsed
FNDA:20,RiskFacet.isCollateralValueCollapsed
DA:218,20
DA:219,20
DA:220,20
DA:240,25
FN:240,RiskFacet.triggerLiquidation
FNDA:25,RiskFacet.triggerLiquidation
DA:243,25
DA:244,25
DA:245,25
BRDA:245,11,0,1
DA:250,24
DA:251,24
BRDA:251,12,0,2
DA:259,22
DA:261,22
DA:262,2
BRDA:262,13,0,2
DA:265,20
DA:266,20
DA:275,20
BRDA:275,14,0,1
DA:277,19
DA:279,19
DA:282,19
DA:289,19
DA:294,19
DA:302,19
DA:311,19
DA:312,19
DA:313,19
BRDA:313,15,0,6
DA:318,6
DA:319,6
DA:320,3
DA:322,13
DA:325,13
DA:328,13
DA:329,13
DA:330,13
DA:331,13
DA:332,13
DA:336,13
DA:339,13
DA:342,13
BRDA:342,16,0,-
DA:345,13
DA:347,13
DA:348,13
DA:349,13
DA:350,1
BRDA:350,17,0,1
DA:353,12
BRDA:353,18,0,11
DA:354,11
DA:360,12
DA:361,12
DA:363,12
DA:364,12
DA:367,12
DA:368,12
DA:369,12
BRDA:369,19,0,1
BRDA:369,19,1,-
DA:370,1
DA:371,1
BRDA:371,20,0,-
DA:372,1
DA:373,1
DA:376,11
DA:377,11
DA:381,12
BRDA:381,21,0,1
DA:382,1
DA:386,12
DA:387,12
DA:393,12
BRDA:393,22,0,1
DA:394,11
DA:395,11
BRDA:395,23,0,10
DA:396,10
DA:400,11
DA:410,11
BRDA:410,24,0,8
DA:411,8
DA:417,8
BRDA:417,25,0,-
DA:418,8
DA:419,8
DA:421,11
DA:431,11
DA:434,11
DA:442,11
BRDA:442,26,0,1
DA:444,10
DA:452,10
BRDA:452,27,0,1
DA:454,9
DA:583,19
FN:583,RiskFacet._expectedSwapOutput
FNDA:19,RiskFacet._expectedSwapOutput
DA:588,19
DA:590,19
DA:592,19
DA:594,19
DA:595,19
DA:600,19
DA:601,19
DA:611,6
FN:611,RiskFacet._fullCollateralTransferFallback
FNDA:6,RiskFacet._fullCollateralTransferFallback
DA:615,6
DA:618,6
DA:619,6
DA:620,6
DA:626,6
BRDA:626,29,0,1
DA:627,5
DA:629,5
DA:638,5
DA:648,5
DA:658,5
DA:661,5
DA:669,5
BRDA:669,30,0,1
DA:671,4
DA:679,4
BRDA:679,31,0,1
DA:681,3
DA:685,533
FN:685,RiskFacet._calculateCurrentBorrowBalance
FNDA:533,RiskFacet._calculateCurrentBorrowBalance
DA:688,533
DA:689,533
DA:692,533
DA:696,19
FN:696,RiskFacet._getZeroExProxy
FNDA:19,RiskFacet._getZeroExProxy
DA:697,19
DA:701,19
FN:701,RiskFacet._getAllowanceTarget
FNDA:19,RiskFacet._getAllowanceTarget
DA:702,19
FNF:10
FNH:10
LF:158
LH:158
BRF:31
BRH:27
end_of_record
TN:
SF:src/facets/TreasuryFacet.sol
DA:47,5
FN:47,TreasuryFacet.claimTreasuryFees
FNDA:5,TreasuryFacet.claimTreasuryFees
DA:51,4
BRDA:51,0,0,1
DA:53,3
DA:54,3
DA:55,3
BRDA:55,1,0,1
DA:58,2
DA:61,2
DA:63,2
DA:72,4
FN:72,TreasuryFacet.getTreasuryBalance
FNDA:4,TreasuryFacet.getTreasuryBalance
DA:75,4
DA:76,4
FNF:2
FNH:2
LF:11
LH:11
BRF:2
BRH:2
end_of_record
TN:
SF:src/facets/VaipakamNFTFacet.sol
DA:58,108
FN:58,VaipakamNFTFacet.initializeNFT
FNDA:108,VaipakamNFTFacet.initializeNFT
DA:59,107
DA:71,4
FN:71,VaipakamNFTFacet.supportsInterface
FNDA:4,VaipakamNFTFacet.supportsInterface
DA:72,4
DA:73,4
DA:74,3
DA:75,2
DA:78,1
FN:78,VaipakamNFTFacet.name
FNDA:1,VaipakamNFTFacet.name
DA:79,1
DA:82,1
FN:82,VaipakamNFTFacet.symbol
FNDA:1,VaipakamNFTFacet.symbol
DA:83,1
DA:86,3
FN:86,VaipakamNFTFacet.balanceOf
FNDA:3,VaipakamNFTFacet.balanceOf
DA:87,3
DA:90,70
FN:90,VaipakamNFTFacet.ownerOf
FNDA:70,VaipakamNFTFacet.ownerOf
DA:91,70
DA:94,1
FN:94,VaipakamNFTFacet.approve
FNDA:1,VaipakamNFTFacet.approve
DA:95,1
DA:98,1
FN:98,VaipakamNFTFacet.getApproved
FNDA:1,VaipakamNFTFacet.getApproved
DA:99,1
DA:102,2
FN:102,VaipakamNFTFacet.setApprovalForAll
FNDA:2,VaipakamNFTFacet.setApprovalForAll
DA:103,2
DA:106,2
FN:106,VaipakamNFTFacet.isApprovedForAll
FNDA:2,VaipakamNFTFacet.isApprovedForAll
DA:107,2
DA:110,1
FN:110,VaipakamNFTFacet.transferFrom
FNDA:1,VaipakamNFTFacet.transferFrom
DA:111,1
DA:114,1
FN:114,VaipakamNFTFacet.safeTransferFrom
FNDA:1,VaipakamNFTFacet.safeTransferFrom
DA:115,1
DA:118,1
FN:118,VaipakamNFTFacet.safeTransferFrom
FNDA:1,VaipakamNFTFacet.safeTransferFrom
DA:119,1
DA:128,2456
FN:128,VaipakamNFTFacet.mintNFT
FNDA:2456,VaipakamNFTFacet.mintNFT
DA:136,0
DA:137,2455
DA:138,2455
DA:139,2455
DA:140,2456
DA:141,2456
DA:142,2456
DA:144,2455
DA:151,1153
FN:151,VaipakamNFTFacet.updateNFTStatus
FNDA:1153,VaipakamNFTFacet.updateNFTStatus
DA:156,0
DA:157,1152
DA:158,1152
DA:159,1153
DA:161,1153
DA:168,50
FN:168,VaipakamNFTFacet.burnNFT
FNDA:50,VaipakamNFTFacet.burnNFT
DA:169,0
DA:170,49
DA:171,48
DA:172,48
DA:173,48
DA:174,48
DA:175,48
DA:177,50
DA:184,16
FN:184,VaipakamNFTFacet.tokenURI
FNDA:16,VaipakamNFTFacet.tokenURI
DA:187,16
DA:189,15
DA:190,15
DA:191,15
DA:192,15
DA:193,15
DA:195,15
DA:196,15
DA:199,15
DA:235,15
DA:240,16
DA:255,16
DA:265,1
FN:265,VaipakamNFTFacet._nftStatuses
FNDA:1,VaipakamNFTFacet._nftStatuses
DA:266,1
DA:272,3659
FN:272,VaipakamNFTFacet._enforceAuthorizedCaller
FNDA:3659,VaipakamNFTFacet._enforceAuthorizedCaller
DA:273,3659
BRDA:273,0,0,3
DA:274,3
DA:279,15
FN:279,VaipakamNFTFacet._isClosedStatus
FNDA:15,VaipakamNFTFacet._isClosedStatus
DA:282,15
DA:283,15
DA:284,15
DA:285,13
DA:286,11
DA:287,9
FNF:20
FNH:20
LF:78
LH:75
BRF:1
BRH:1
end_of_record
TN:
SF:src/libraries/LibAccessControl.sol
DA:46,23604
FN:46,LibAccessControl._storage
FNDA:23604,LibAccessControl._storage
DA:47,23604
DA:49,0
DA:55,9980
FN:55,LibAccessControl.hasRole
FNDA:9980,LibAccessControl.hasRole
DA:56,9980
DA:59,4933
FN:59,LibAccessControl.checkRole
FNDA:4933,LibAccessControl.checkRole
DA:60,4933
BRDA:60,0,0,18
DA:61,18
DA:65,4312
FN:65,LibAccessControl.getRoleAdmin
FNDA:4312,LibAccessControl.getRoleAdmin
DA:66,4312
DA:69,5019
FN:69,LibAccessControl.grantRole
FNDA:5019,LibAccessControl.grantRole
DA:70,5019
BRDA:70,1,0,5018
DA:71,5018
DA:72,5018
DA:76,4
FN:76,LibAccessControl.revokeRole
FNDA:4,LibAccessControl.revokeRole
DA:77,4
BRDA:77,2,0,3
DA:78,3
DA:79,3
DA:83,3
FN:83,LibAccessControl.renounceRole
FNDA:3,LibAccessControl.renounceRole
DA:84,3
BRDA:84,3,0,1
DA:85,1
DA:87,2
BRDA:87,4,0,1
DA:88,1
DA:89,1
DA:93,4290
FN:93,LibAccessControl.setRoleAdmin
FNDA:4290,LibAccessControl.setRoleAdmin
DA:94,4290
DA:95,4290
DA:96,4290
DA:105,715
FN:105,LibAccessControl.initializeAccessControl
FNDA:715,LibAccessControl.initializeAccessControl
DA:106,715
DA:107,715
DA:108,715
DA:109,715
DA:110,715
DA:111,715
DA:112,715
DA:115,715
DA:116,715
DA:117,715
DA:118,715
DA:119,715
DA:120,715
DA:131,569
FN:131,DiamondAccessControl.onlyRole
FNDA:569,DiamondAccessControl.onlyRole
DA:132,569
FNF:10
FNH:10
LF:44
LH:43
BRF:5
BRH:5
end_of_record
TN:
SF:src/libraries/LibERC721.sol
DA:55,6420
FN:55,LibERC721._storage
FNDA:6420,LibERC721._storage
DA:56,6420
DA:58,0
DA:62,107
FN:62,LibERC721.initialize
FNDA:107,LibERC721.initialize
DA:70,107
DA:71,0
BRDA:71,0,0,-
DA:72,107
DA:73,107
DA:74,107
DA:75,107
DA:76,107
DA:77,107
DA:78,107
DA:81,124
FN:81,LibERC721.ownerOf
FNDA:124,LibERC721.ownerOf
DA:82,124
DA:83,124
BRDA:83,1,0,4
DA:84,120
DA:87,3
FN:87,LibERC721.balanceOf
FNDA:3,LibERC721.balanceOf
DA:88,3
BRDA:88,2,0,-
DA:89,3
DA:92,1
FN:92,LibERC721.name
FNDA:1,LibERC721.name
DA:93,1
DA:96,1
FN:96,LibERC721.symbol
FNDA:1,LibERC721.symbol
DA:97,1
DA:100,1
FN:100,LibERC721.getApproved
FNDA:1,LibERC721.getApproved
DA:101,1
DA:102,1
DA:105,2
FN:105,LibERC721.isApprovedForAll
FNDA:2,LibERC721.isApprovedForAll
DA:106,2
DA:109,1
FN:109,LibERC721.approve
FNDA:1,LibERC721.approve
DA:110,1
DA:111,1
BRDA:111,3,0,-
DA:112,1
BRDA:112,4,0,-
DA:113,0
DA:115,1
DA:116,1
DA:119,2
FN:119,LibERC721.setApprovalForAll
FNDA:2,LibERC721.setApprovalForAll
DA:120,2
BRDA:120,5,0,-
DA:121,2
DA:122,2
DA:125,3
FN:125,LibERC721.transferFrom
FNDA:3,LibERC721.transferFrom
DA:126,3
DA:127,3
BRDA:127,6,0,-
DA:128,3
BRDA:128,7,0,-
DA:129,3
BRDA:129,8,0,-
DA:130,0
DA:132,3
DA:135,2
FN:135,LibERC721.safeTransferFrom
FNDA:2,LibERC721.safeTransferFrom
DA:136,2
DA:137,2
DA:140,2455
FN:140,LibERC721._safeMint
FNDA:2455,LibERC721._safeMint
DA:141,2455
DA:142,2455
DA:145,2455
FN:145,LibERC721._mint
FNDA:2455,LibERC721._mint
DA:146,2455
BRDA:146,9,0,-
DA:147,2455
DA:148,2455
BRDA:148,10,0,-
DA:149,2455
DA:150,2455
DA:151,2455
DA:154,49
FN:154,LibERC721._burn
FNDA:49,LibERC721._burn
DA:155,49
DA:156,49
DA:157,48
DA:158,48
DA:159,49
DA:160,48
DA:163,3
FN:163,LibERC721._transfer
FNDA:3,LibERC721._transfer
DA:164,3
DA:165,3
DA:166,3
DA:167,3
DA:168,3
DA:169,3
DA:172,3
FN:172,LibERC721._isAuthorized
FNDA:3,LibERC721._isAuthorized
DA:173,3
DA:180,2457
FN:180,LibERC721._checkOnERC721Received
FNDA:2457,LibERC721._checkOnERC721Received
DA:181,2457
BRDA:181,11,0,2
DA:182,2
DA:183,2
BRDA:183,12,0,-
DA:184,0
DA:186,0
DA:187,0
BRDA:187,13,0,-
BRDA:187,13,1,-
DA:188,0
DA:191,0
FNF:18
FNH:18
LF:85
LH:76
BRF:15
BRH:2
end_of_record
TN:
SF:src/libraries/LibPausable.sol
DA:25,9029
FN:25,LibPausable._storage
FNDA:9029,LibPausable._storage
DA:26,9029
DA:28,0
DA:32,4
FN:32,LibPausable.paused
FNDA:4,LibPausable.paused
DA:33,4
DA:36,9017
FN:36,LibPausable.requireNotPaused
FNDA:9017,LibPausable.requireNotPaused
DA:37,4
BRDA:37,0,0,4
DA:40,0
FN:40,LibPausable.requirePaused
FNDA:0,LibPausable.requirePaused
DA:41,0
BRDA:41,1,0,-
DA:44,7
FN:44,LibPausable.pause
FNDA:7,LibPausable.pause
DA:45,7
DA:46,7
DA:49,1
FN:49,LibPausable.unpause
FNDA:1,LibPausable.unpause
DA:50,1
DA:51,1
DA:61,3376
FN:61,DiamondPausable.whenNotPaused
FNDA:3376,DiamondPausable.whenNotPaused
DA:62,3376
DA:66,0
FN:66,DiamondPausable.whenPaused
FNDA:0,DiamondPausable.whenPaused
DA:67,0
FNF:8
FNH:6
LF:19
LH:14
BRF:2
BRH:1
end_of_record
TN:
SF:src/libraries/LibReentrancyGuard.sol
DA:25,7141
FN:25,LibReentrancyGuard._storage
FNDA:7141,LibReentrancyGuard._storage
DA:26,7141
DA:28,0
DA:32,3951
FN:32,LibReentrancyGuard._enter
FNDA:3951,LibReentrancyGuard._enter
DA:33,3951
DA:35,3951
BRDA:35,0,0,-
DA:36,3951
DA:39,3190
FN:39,LibReentrancyGuard._exit
FNDA:3190,LibReentrancyGuard._exit
DA:40,3190
DA:51,1972
FN:51,DiamondReentrancyGuard.nonReentrant
FNDA:1972,DiamondReentrancyGuard.nonReentrant
DA:52,1972
DA:54,1589
FNF:4
FNH:4
LF:12
LH:11
BRF:1
BRH:0
end_of_record
TN:
SF:src/libraries/LibVaipakam.sol
DA:273,35625
FN:273,LibVaipakam.storageSlot
FNDA:35625,LibVaipakam.storageSlot
DA:274,35625
DA:276,0
DA:281,0
FN:281,LibVaipakam.setUserCountry
FNDA:0,LibVaipakam.setUserCountry
DA:282,0
DA:283,0
DA:287,3444
FN:287,LibVaipakam.getKycTier0Threshold
FNDA:3444,LibVaipakam.getKycTier0Threshold
DA:288,3444
DA:289,3444
DA:293,3444
FN:293,LibVaipakam.getKycTier1Threshold
FNDA:3444,LibVaipakam.getKycTier1Threshold
DA:294,3444
DA:295,3444
DA:299,393
FN:299,LibVaipakam.gracePeriod
FNDA:393,LibVaipakam.gracePeriod
DA:300,393
DA:301,393
DA:302,390
DA:303,0
DA:304,0
DA:308,86
FN:308,LibVaipakam.calculateLateFee
FNDA:86,LibVaipakam.calculateLateFee
DA:312,86
DA:313,86
DA:315,86
DA:317,17
DA:318,17
DA:319,17
BRDA:319,5,0,-
DA:321,17
DA:333,457
FN:333,LibVaipakam.setTradeAllowance
FNDA:457,LibVaipakam.setTradeAllowance
DA:339,457
DA:340,457
DA:341,457
DA:342,457
DA:343,457
DA:353,1158
FN:353,LibVaipakam.canTradeBetween
FNDA:1158,LibVaipakam.canTradeBetween
DA:357,1158
DA:358,1158
DA:359,1158
DA:360,1158
DA:380,0
FN:380,LibVaipakam.setUsdChainlinkDenominator
FNDA:0,LibVaipakam.setUsdChainlinkDenominator
DA:383,0
DA:384,0
DA:385,0
DA:389,0
FN:389,LibVaipakam.setChainlinkRegistry
FNDA:0,LibVaipakam.setChainlinkRegistry
DA:390,0
DA:391,0
DA:392,0
DA:396,0
FN:396,LibVaipakam.setUsdtContract
FNDA:0,LibVaipakam.setUsdtContract
DA:397,0
DA:398,0
DA:399,0
DA:403,0
FN:403,LibVaipakam.setUniswapV3Factory
FNDA:0,LibVaipakam.setUniswapV3Factory
DA:404,0
DA:405,0
DA:406,0
FNF:12
FNH:7
LF:53
LH:31
BRF:1
BRH:0
end_of_record
TN:
SF:test/HelperTest.sol
DA:29,463
FN:29,HelperTest.getOfferFacetSelectors
FNDA:463,HelperTest.getOfferFacetSelectors
DA:34,463
DA:35,463
DA:36,463
DA:37,463
DA:38,463
DA:39,463
DA:40,463
DA:41,0
DA:45,566
FN:45,HelperTest.getAdminFacetSelectors
FNDA:566,HelperTest.getAdminFacetSelectors
DA:50,566
DA:51,566
DA:52,566
DA:53,566
DA:54,566
DA:55,566
DA:56,566
DA:57,566
DA:58,566
DA:59,566
DA:60,0
DA:63,448
FN:63,HelperTest.getProfileFacetSelectors
FNDA:448,HelperTest.getProfileFacetSelectors
DA:68,448
DA:69,448
DA:70,448
DA:71,448
DA:72,448
DA:73,448
DA:74,448
DA:75,448
DA:76,448
DA:77,448
DA:78,448
DA:79,448
DA:80,448
DA:81,0
DA:84,447
FN:84,HelperTest.getOracleFacetSelectors
FNDA:447,HelperTest.getOracleFacetSelectors
DA:89,447
DA:90,447
DA:91,447
DA:92,447
DA:93,447
DA:94,0
DA:97,407
FN:97,HelperTest.getVaipakamNFTFacetSelectors
FNDA:407,HelperTest.getVaipakamNFTFacetSelectors
DA:102,407
DA:103,407
DA:104,407
DA:105,407
DA:106,407
DA:107,407
DA:108,407
DA:109,0
DA:112,407
FN:112,HelperTest.getEscrowFactoryFacetSelectors
FNDA:407,HelperTest.getEscrowFactoryFacetSelectors
DA:117,407
DA:118,407
DA:121,407
DA:122,407
DA:123,407
DA:124,407
DA:125,407
DA:126,407
DA:127,407
DA:128,407
DA:129,407
DA:130,407
DA:131,407
DA:132,407
DA:133,407
DA:134,407
DA:137,407
DA:138,407
DA:139,0
DA:142,407
FN:142,HelperTest.getLoanFacetSelectors
FNDA:407,HelperTest.getLoanFacetSelectors
DA:143,407
DA:144,407
DA:145,407
DA:146,407
DA:147,0
DA:150,382
FN:150,HelperTest.getRepayFacetSelectors
FNDA:382,HelperTest.getRepayFacetSelectors
DA:155,382
DA:156,382
DA:157,382
DA:158,382
DA:159,382
DA:162,330
FN:162,HelperTest.getDefaultedFacetSelectors
FNDA:330,HelperTest.getDefaultedFacetSelectors
DA:167,330
DA:168,330
DA:169,330
DA:172,407
FN:172,HelperTest.getRiskFacetSelectors
FNDA:407,HelperTest.getRiskFacetSelectors
DA:177,407
DA:178,407
DA:179,407
DA:180,407
DA:181,407
DA:182,407
DA:185,330
FN:185,HelperTest.getClaimFacetSelectors
FNDA:330,HelperTest.getClaimFacetSelectors
DA:190,330
DA:191,330
DA:192,330
DA:193,330
DA:194,0
DA:197,330
FN:197,HelperTest.getAddCollateralFacetSelectors
FNDA:330,HelperTest.getAddCollateralFacetSelectors
DA:202,330
DA:203,330
DA:204,0
DA:207,18
FN:207,HelperTest.getDiamondLoupeFacetSelectors
FNDA:18,HelperTest.getDiamondLoupeFacetSelectors
DA:212,18
DA:213,18
DA:214,18
DA:215,18
DA:216,18
DA:217,18
DA:218,0
DA:221,18
FN:221,HelperTest.getOwnershipFacetSelectors
FNDA:18,HelperTest.getOwnershipFacetSelectors
DA:226,18
DA:227,18
DA:228,18
DA:229,0
DA:232,7
FN:232,HelperTest.getTreasuryFacetSelectors
FNDA:7,HelperTest.getTreasuryFacetSelectors
DA:237,7
DA:238,7
DA:239,7
DA:240,0
DA:243,81
FN:243,HelperTest.getEarlyWithdrawalFacetSelectors
FNDA:81,HelperTest.getEarlyWithdrawalFacetSelectors
DA:248,81
DA:249,81
DA:250,81
DA:251,81
DA:252,0
DA:255,13
FN:255,HelperTest.getPartialWithdrawalFacetSelectors
FNDA:13,HelperTest.getPartialWithdrawalFacetSelectors
DA:260,13
DA:261,13
DA:262,13
DA:263,0
DA:266,68
FN:266,HelperTest.getPrecloseFacetSelectors
FNDA:68,HelperTest.getPrecloseFacetSelectors
DA:271,68
DA:272,68
DA:273,68
DA:274,68
DA:275,68
DA:276,0
DA:279,40
FN:279,HelperTest.getRefinanceFacetSelectors
FNDA:40,HelperTest.getRefinanceFacetSelectors
DA:284,40
DA:285,40
DA:286,0
DA:289,715
FN:289,HelperTest.getAccessControlFacetSelectors
FNDA:715,HelperTest.getAccessControlFacetSelectors
DA:294,715
DA:295,715
DA:296,715
DA:297,715
DA:298,715
DA:299,715
DA:300,715
DA:301,715
DA:302,715
DA:303,715
DA:304,715
DA:305,715
DA:306,715
DA:307,0
DA:310,57
FN:310,HelperTest.getEscrowFactoryFacetSelectorsExtended
FNDA:57,HelperTest.getEscrowFactoryFacetSelectorsExtended
DA:315,57
DA:316,57
DA:317,57
DA:318,57
DA:319,57
DA:320,57
DA:321,57
DA:322,57
DA:323,57
DA:324,57
DA:325,57
DA:326,57
DA:327,57
DA:328,57
DA:329,57
DA:330,57
DA:331,57
DA:332,57
DA:333,57
DA:334,0
FNF:21
FNH:21
LF:181
LH:163
BRF:0
BRH:0
end_of_record
TN:
SF:test/SetupTest.t.sol
DA:48,0
FN:48,SetupTest.mockOracleLiquidity
FNDA:0,SetupTest.mockOracleLiquidity
DA:53,0
DA:60,0
DA:67,0
FN:67,SetupTest.mockOraclePrice
FNDA:0,SetupTest.mockOraclePrice
DA:72,0
DA:99,0
FN:99,SetupTest.setupHelper
FNDA:0,SetupTest.setupHelper
DA:100,0
DA:101,0
DA:102,0
DA:105,0
DA:106,0
DA:107,0
DA:108,0
DA:109,0
DA:110,0
DA:113,0
DA:114,0
DA:116,0
DA:117,0
DA:120,0
DA:123,0
DA:126,0
DA:127,0
DA:129,0
DA:130,0
DA:131,0
DA:132,0
DA:133,0
DA:134,0
DA:135,0
DA:136,0
DA:137,0
DA:138,0
DA:139,0
DA:140,0
DA:141,0
DA:142,0
DA:145,0
DA:148,0
DA:149,0
DA:154,0
DA:159,0
DA:164,0
DA:169,0
DA:174,0
DA:179,0
DA:184,0
DA:189,0
DA:194,0
DA:199,0
DA:204,0
DA:209,0
DA:215,0
DA:218,0
DA:221,0
DA:222,0
DA:223,0
DA:224,0
DA:228,0
DA:237,0
DA:238,0
DA:239,0
DA:240,0
DA:241,0
DA:242,0
DA:243,0
DA:244,0
DA:247,0
DA:248,0
DA:249,0
DA:253,0
DA:256,0
DA:257,0
DA:260,0
DA:261,0
DA:262,0
DA:263,0
DA:266,0
DA:267,0
DA:268,0
DA:269,0
DA:273,0
DA:278,0
DA:286,0
DA:287,0
DA:298,0
DA:306,0
DA:314,0
DA:322,0
DA:330,0
DA:338,0
DA:348,0
DA:356,0
DA:366,0
DA:367,0
DA:371,0
DA:372,0
DA:378,0
DA:379,0
DA:383,0
DA:384,0
DA:390,0
DA:391,0
FNF:3
FNH:0
LF:103
LH:0
BRF:0
BRH:0
end_of_record
TN:
SF:test/VaipakamNFTFacetTest.t.sol
DA:426,2
FN:426,ERC721Receiver.onERC721Received
FNDA:2,ERC721Receiver.onERC721Received
DA:427,2
FNF:1
FNH:1
LF:2
LH:2
BRF:0
BRH:0
end_of_record
TN:
SF:test/WorkflowComplianceAndRejection.t.sol
DA:38,10
FN:38,MockRentableNFT721Test.mint
FNDA:10,MockRentableNFT721Test.mint
DA:39,10
DA:42,0
FN:42,MockRentableNFT721Test.setUser
FNDA:0,MockRentableNFT721Test.setUser
DA:43,0
DA:44,0
DA:47,0
FN:47,MockRentableNFT721Test.userOf
FNDA:0,MockRentableNFT721Test.userOf
DA:48,0
DA:49,0
DA:52,0
FN:52,MockRentableNFT721Test.userExpires
FNDA:0,MockRentableNFT721Test.userExpires
DA:53,0
FNF:4
FNH:1
LF:10
LH:2
BRF:0
BRH:0
end_of_record
TN:
SF:test/mocks/ERC1155Mock.sol
DA:16,16
FN:16,ERC1155Mock.mint
FNDA:16,ERC1155Mock.mint
DA:17,16
DA:22,1
FN:22,ERC1155Mock.forceMint
FNDA:1,ERC1155Mock.forceMint
DA:24,1
DA:25,1
DA:26,1
DA:27,1
DA:28,1
FNF:2
FNH:2
LF:8
LH:8
BRF:0
BRH:0
end_of_record
TN:
SF:test/mocks/ERC20Mock.sol
DA:10,814
FN:10,ERC20Mock.constructor
FNDA:814,ERC20Mock.constructor
DA:15,814
DA:20,4205
FN:20,ERC20Mock.decimals
FNDA:4205,ERC20Mock.decimals
DA:21,4205
DA:24,1563
FN:24,ERC20Mock.mint
FNDA:1563,ERC20Mock.mint
DA:25,1563
FNF:3
FNH:3
LF:6
LH:6
BRF:0
BRH:0
end_of_record
TN:
SF:test/mocks/ERC4907Mock.sol
DA:20,0
FN:20,ERC4907Mock.mint
FNDA:0,ERC4907Mock.mint
DA:21,0
DA:24,0
FN:24,ERC4907Mock.burn
FNDA:0,ERC4907Mock.burn
DA:25,0
DA:33,0
FN:33,ERC4907Mock.setUser
FNDA:0,ERC4907Mock.setUser
DA:38,0
BRDA:38,0,0,-
BRDA:38,0,1,-
DA:42,0
DA:43,0
DA:44,0
DA:45,0
DA:52,0
FN:52,ERC4907Mock.userOf
FNDA:0,ERC4907Mock.userOf
DA:53,0
BRDA:53,1,0,-
BRDA:53,1,1,-
DA:54,0
DA:56,0
DA:64,0
FN:64,ERC4907Mock.userExpires
FNDA:0,ERC4907Mock.userExpires
DA:65,0
DA:69,0
FN:69,ERC4907Mock.supportsInterface
FNDA:0,ERC4907Mock.supportsInterface
DA:72,0
DA:73,0
DA:74,0
DA:77,0
FN:77,ERC4907Mock._beforeTokenTransfer
FNDA:0,ERC4907Mock._beforeTokenTransfer
DA:84,0
BRDA:84,2,0,-
DA:85,0
DA:86,0
FNF:7
FNH:0
LF:24
LH:0
BRF:5
BRH:0
end_of_record
TN:
SF:test/mocks/MockRentableNFT721.sol
DA:11,411
FN:11,MockRentableNFT721.mint
FNDA:411,MockRentableNFT721.mint
DA:12,411
DA:18,338
FN:18,MockRentableNFT721.setUser
FNDA:338,MockRentableNFT721.setUser
DA:23,338
DA:24,338
DA:27,3
FN:27,MockRentableNFT721.userOf
FNDA:3,MockRentableNFT721.userOf
DA:28,3
DA:31,1
FN:31,MockRentableNFT721.userExpires
FNDA:1,MockRentableNFT721.userExpires
DA:34,1
DA:37,0
FN:37,MockRentableNFT721.supportsInterface
FNDA:0,MockRentableNFT721.supportsInterface
DA:40,0
DA:41,0
DA:42,0
FNF:5
FNH:4
LF:13
LH:9
BRF:0
BRH:0
end_of_record
TN:
SF:test/mocks/ZeroExProxyMock.sol
DA:38,156
FN:38,ZeroExProxyMock.setRate
FNDA:156,ZeroExProxyMock.setRate
DA:39,156
BRDA:39,0,0,-
DA:40,156
DA:41,156
DA:56,21
FN:56,ZeroExProxyMock.swap
FNDA:21,ZeroExProxyMock.swap
DA:66,21
DA:68,21
BRDA:68,1,0,1
DA:69,1
DA:73,20
BRDA:73,2,0,-
DA:74,0
DA:78,20
DA:83,20
DA:84,20
DA:86,0
FNF:2
FNH:2
LF:14
LH:12
BRF:3
BRH:1
end_of_record
